ln: `/home/share/pole/tsp.repo' へのシンボリックリンク `machinefile' を作成します: ファイルが存在します
SCore (7.Beta.2) Connected
SCORE{1} 16 nodes (8x2) ready.
MPIGA!!
*******************************************************
TSP Size:   51
All Proces Num:16
Process Number:11
Process Name:pc16
MPI Group: 2
Running Time:120.000000
Best Cost:428.85

Active Modes--->
	Graph_Mode ON
	Parallel_Mode ON
	Pole_Mode ON
	Tabu-2opt_Mode ON
<---Active Modes
*******************************************************
Program is normally terminated.....
MPIGA!!
MPIGA!!
*******************************************************
TSP Size:   51
All Proces Num:16
Process Number:10
Process Name:pc16
MPI Group: 2
Running Time:120.000000
Best Cost:418.12

Active Modes--->
	Graph_Mode ON
	Parallel_Mode ON
	Pole_Mode ON
	Tabu-2opt_Mode ON
<---Active Modes
*******************************************************
Program is normally terminated.....
MPIGA!!
*******************************************************
TSP Size:   51
All Proces Num:16
Process Number:14
Process Name:pc18
MPI Group: 3
Running Time:120.000000
Best Cost:421.61

Active Modes--->
	Graph_Mode ON
	Parallel_Mode ON
	Pole_Mode ON
	Tabu-2opt_Mode ON
<---Active Modes
*******************************************************
Program is normally terminated.....
*******************************************************
TSP Size:   51
All Proces Num:16
Process Number:15
Process Name:pc18
MPI Group: 3
Running Time:120.000000
Best Cost:437.23

Active Modes--->
	Graph_Mode ON
	Parallel_Mode ON
	Pole_Mode ON
	Tabu-2opt_Mode ON
<---Active Modes
*******************************************************
Program is normally terminated.....
MPIGA!!
*******************************************************
TSP Size:   51
All Proces Num:16
Process Number: 7
Process Name:pc14
MPI Group: 1
Running Time:120.000000
Best Cost:411.74

Active Modes--->
	Graph_Mode ON
	Parallel_Mode ON
	Pole_Mode ON
	Tabu-2opt_Mode ON
<---Active Modes
*******************************************************
Program is normally terminated.....
MPIGA!!
MPIGA!!
MPIGA!!
*******************************************************
TSP Size:   51
All Proces Num:16
Process Number: 5
Process Name:pc13
MPI Group: 1
Running Time:120.000000
Best Cost:410.85

Active Modes--->
	Graph_Mode ON
	Parallel_Mode ON
	Pole_Mode ON
	Tabu-2opt_Mode ON
<---Active Modes
*******************************************************
Program is normally terminated.....
MPIGA!!
*******************************************************
TSP Size:   51
All Proces Num:16
Process Number: 6
Process Name:pc14
MPI Group: 1
Running Time:120.000000
Best Cost:412.10

Active Modes--->
	Graph_Mode ON
	Parallel_Mode ON
	Pole_Mode ON
	Tabu-2opt_Mode ON
<---Active Modes
*******************************************************
Program is normally terminated.....
MPIGA!!
*******************************************************
TSP Size:   51
All Proces Num:16
Process Number: 4
Process Name:pc13
MPI Group: 1
Running Time:120.000000
Best Cost:413.75

Active Modes--->
	Graph_Mode ON
	Parallel_Mode ON
	Pole_Mode ON
	Tabu-2opt_Mode ON
<---Active Modes
*******************************************************
Program is normally terminated.....
MPIGA!!
*******************************************************
TSP Size:   51
All Proces Num:16
Process Number: 9
Process Name:pc15
MPI Group: 2
Running Time:120.000000
Best Cost:401.67

Active Modes--->
	Graph_Mode ON
	Parallel_Mode ON
	Pole_Mode ON
	Tabu-2opt_Mode ON
<---Active Modes
*******************************************************
Program is normally terminated.....
*******************************************************
TSP Size:   51
All Proces Num:16
Process Number: 8
Process Name:pc15
MPI Group: 2
Running Time:120.000000
Best Cost:440.02

Active Modes--->
	Graph_Mode ON
	Parallel_Mode ON
	Pole_Mode ON
	Tabu-2opt_Mode ON
<---Active Modes
*******************************************************
Program is normally terminated.....
MPIGA!!
*******************************************************
TSP Size:   51
All Proces Num:16
Process Number: 3
Process Name:pc12
MPI Group: 0
Running Time:120.000000
Best Cost:410.72

Active Modes--->
	Graph_Mode ON
	Parallel_Mode ON
	Pole_Mode ON
	Tabu-2opt_Mode ON
<---Active Modes
*******************************************************
Program is normally terminated.....
MPIGA!!
*******************************************************
TSP Size:   51
All Proces Num:16
Process Number: 2
Process Name:pc12
MPI Group: 0
Running Time:120.000000
Best Cost:410.22

Active Modes--->
	Graph_Mode ON
	Parallel_Mode ON
	Pole_Mode ON
	Tabu-2opt_Mode ON
<---Active Modes
*******************************************************
Program is normally terminated.....
MPIGA!!
*******************************************************
TSP Size:   51
All Proces Num:16
Process Number: 1
Process Name:pc11
MPI Group: 0
Running Time:120.000000
Best Cost:416.02

Active Modes--->
	Graph_Mode ON
	Parallel_Mode ON
	Pole_Mode ON
	Tabu-2opt_Mode ON
<---Active Modes
*******************************************************
Program is normally terminated.....
MPIGA!!
*******************************************************
TSP Size:   51
All Proces Num:16
Process Number: 0
Process Name:pc11
MPI Group: 0
Running Time:120.000000
Best Cost:413.89

Active Modes--->
	Graph_Mode ON
	Parallel_Mode ON
	Pole_Mode ON
	Tabu-2opt_Mode ON
<---Active Modes
*******************************************************
Program is normally terminated.....
MPIGA!!
*******************************************************
TSP Size:   51
All Proces Num:16
Process Number:12
Process Name:pc17
MPI Group: 3
Running Time:120.000000
Best Cost:412.91

Active Modes--->
	Graph_Mode ON
	Parallel_Mode ON
	Pole_Mode ON
	Tabu-2opt_Mode ON
<---Active Modes
*******************************************************
Program is normally terminated.....
MPIGA!!
*******************************************************
TSP Size:   51
All Proces Num:16
Process Number:13
Process Name:pc17
MPI Group: 3
Running Time:120.000000
Best Cost:413.38

Active Modes--->
	Graph_Mode ON
	Parallel_Mode ON
	Pole_Mode ON
	Tabu-2opt_Mode ON
<---Active Modes
*******************************************************
Program is normally terminated.....
ln: `/home/share/pole/tsp.repo' へのシンボリックリンク `machinefile' を作成します: ファイルが存在します
SCore (7.Beta.2) Connected
SCORE{1} 16 nodes (8x2) ready.
*******************************************************
TSP Size:   51
All Proces Num:16
Process Number: 5
Process Name:pc13
MPI Group: 1
Running Time:120.000000
Best Cost:416.18

Active Modes--->
	Graph_Mode ON
	Parallel_Mode ON
	Pole_Mode ON
	Tabu-2opt_Mode ON
<---Active Modes
*******************************************************
Program is normally terminated.....
*******************************************************
TSP Size:   51
All Proces Num:16
Process Number: 4
Process Name:pc13
MPI Group: 1
Running Time:120.000000
Best Cost:419.83

Active Modes--->
	Graph_Mode ON
	Parallel_Mode ON
	Pole_Mode ON
	Tabu-2opt_Mode ON
<---Active Modes
*******************************************************
Program is normally terminated.....
*******************************************************
TSP Size:   51
All Proces Num:16
Process Number: 0
Process Name:pc11
MPI Group: 0
Running Time:120.000000
Best Cost:412.69

Active Modes--->
	Graph_Mode ON
	Parallel_Mode ON
	Pole_Mode ON
	Tabu-2opt_Mode ON
<---Active Modes
*******************************************************
Program is normally terminated.....
*******************************************************
TSP Size:   51
All Proces Num:16
Process Number: 1
Process Name:pc11
MPI Group: 0
Running Time:120.000000
Best Cost:411.81

Active Modes--->
	Graph_Mode ON
	Parallel_Mode ON
	Pole_Mode ON
	Tabu-2opt_Mode ON
<---Active Modes
*******************************************************
Program is normally terminated.....
*******************************************************
TSP Size:   51
All Proces Num:16
Process Number: 9
Process Name:pc15
MPI Group: 2
Running Time:120.000000
Best Cost:419.92

Active Modes--->
	Graph_Mode ON
	Parallel_Mode ON
	Pole_Mode ON
	Tabu-2opt_Mode ON
<---Active Modes
*******************************************************
Program is normally terminated.....
*******************************************************
TSP Size:   51
All Proces Num:16
Process Number: 8
Process Name:pc15
MPI Group: 2
Running Time:120.000000
Best Cost:417.72

Active Modes--->
	Graph_Mode ON
	Parallel_Mode ON
	Pole_Mode ON
	Tabu-2opt_Mode ON
<---Active Modes
*******************************************************
Program is normally terminated.....
*******************************************************
TSP Size:   51
All Proces Num:16
Process Number:11
Process Name:pc16
MPI Group: 2
Running Time:120.000000
Best Cost:417.10

Active Modes--->
	Graph_Mode ON
	Parallel_Mode ON
	Pole_Mode ON
	Tabu-2opt_Mode ON
<---Active Modes
*******************************************************
Program is normally terminated.....
*******************************************************
TSP Size:   51
All Proces Num:16
Process Number:10
Process Name:pc16
MPI Group: 2
Running Time:120.000000
Best Cost:417.79

Active Modes--->
	Graph_Mode ON
	Parallel_Mode ON
	Pole_Mode ON
	Tabu-2opt_Mode ON
<---Active Modes
*******************************************************
Program is normally terminated.....
*******************************************************
TSP Size:   51
All Proces Num:16
Process Number: 2
Process Name:pc12
MPI Group: 0
Running Time:120.000000
Best Cost:424.25

Active Modes--->
	Graph_Mode ON
	Parallel_Mode ON
	Pole_Mode ON
	Tabu-2opt_Mode ON
<---Active Modes
*******************************************************
Program is normally terminated.....
*******************************************************
TSP Size:   51
All Proces Num:16
Process Number: 3
Process Name:pc12
MPI Group: 0
Running Time:120.000000
Best Cost:421.45

Active Modes--->
	Graph_Mode ON
	Parallel_Mode ON
	Pole_Mode ON
	Tabu-2opt_Mode ON
<---Active Modes
*******************************************************
Program is normally terminated.....
*******************************************************
TSP Size:   51
All Proces Num:16
Process Number:13
Process Name:pc17
MPI Group: 3
Running Time:120.000000
Best Cost:414.61

Active Modes--->
	Graph_Mode ON
	Parallel_Mode ON
	Pole_Mode ON
	Tabu-2opt_Mode ON
<---Active Modes
*******************************************************
Program is normally terminated.....
*******************************************************
TSP Size:   51
All Proces Num:16
Process Number:12
Process Name:pc17
MPI Group: 3
Running Time:120.000000
Best Cost:427.05

Active Modes--->
	Graph_Mode ON
	Parallel_Mode ON
	Pole_Mode ON
	Tabu-2opt_Mode ON
<---Active Modes
*******************************************************
Program is normally terminated.....
*******************************************************
TSP Size:   51
All Proces Num:16
Process Number: 6
Process Name:pc14
MPI Group: 1
Running Time:120.000000
Best Cost:415.15

Active Modes--->
	Graph_Mode ON
	Parallel_Mode ON
	Pole_Mode ON
	Tabu-2opt_Mode ON
<---Active Modes
*******************************************************
Program is normally terminated.....
*******************************************************
TSP Size:   51
All Proces Num:16
Process Number: 7
Process Name:pc14
MPI Group: 1
Running Time:120.000000
Best Cost:406.67

Active Modes--->
	Graph_Mode ON
	Parallel_Mode ON
	Pole_Mode ON
	Tabu-2opt_Mode ON
<---Active Modes
*******************************************************
Program is normally terminated.....
*******************************************************
TSP Size:   51
All Proces Num:16
Process Number:15
Process Name:pc18
MPI Group: 3
Running Time:120.000000
Best Cost:412.97

Active Modes--->
	Graph_Mode ON
	Parallel_Mode ON
	Pole_Mode ON
	Tabu-2opt_Mode ON
<---Active Modes
*******************************************************
Program is normally terminated.....
*******************************************************
TSP Size:   51
All Proces Num:16
Process Number:14
Process Name:pc18
MPI Group: 3
Running Time:120.000000
Best Cost:411.76

Active Modes--->
	Graph_Mode ON
	Parallel_Mode ON
	Pole_Mode ON
	Tabu-2opt_Mode ON
<---Active Modes
*******************************************************
Program is normally terminated.....
