(first:end)==(39:69) || solution_path[254] == 183
sol[   1] == 484
sol[   2] == 461
sol[   3] == 462
sol[   4] == 463
sol[   5] == 464
sol[   6] == 465
sol[   7] == 440
sol[   8] == 439
sol[   9] == 438
sol[  10] == 415
sol[  11] == 417
sol[  12] == 416
sol[  13] == 392
sol[  14] == 369
sol[  15] == 393
sol[  16] == 394
sol[  17] == 370
sol[  18] == 371
sol[  19] == 372
sol[  20] == 395
sol[  21] == 373
sol[  22] == 374
sol[  23] == 351
sol[  24] == 350
sol[  25] == 349
sol[  26] == 348
sol[  27] == 347
sol[  28] == 346
sol[  29] == 323
sol[  30] == 324
sol[  31] == 325
sol[  32] == 326
sol[  33] == 327
sol[  34] == 328
sol[  35] == 305
sol[  36] == 304
sol[  37] == 303
sol[  38] == 302
sol[  39] == 301
sol[  40] == 305
sol[  41] == 331
sol[  42] == 334
sol[  43] == 359
sol[  44] == 336
sol[  45] == 363
sol[  46] == 366
sol[  47] == 369
sol[  48] == 372
sol[  49] == 419
sol[  50] == 422
sol[  51] == 445
sol[  52] == 448
sol[  53] == 449
sol[  54] == 452
sol[  55] == 455
sol[  56] == 432
sol[  57] == 457
sol[  58] == 460
sol[  59] == 461
sol[  60] == 465
sol[  61] == 466
sol[  62] == 469
sol[  63] == 471
sol[  64] == 474
sol[  65] == 476
sol[  66] == 479
sol[  67] == 454
sol[  68] == 480
sol[  69] == 527
sol[  70] == 193
sol[  71] == 192
sol[  72] == 191
sol[  73] == 190
sol[  74] == 189
sol[  75] == 188
sol[  76] == 187
sol[  77] == 186
sol[  78] == 209
sol[  79] == 208
sol[  80] == 185
sol[  81] == 162
sol[  82] == 163
sol[  83] == 140
sol[  84] == 139
sol[  85] == 141
sol[  86] == 118
sol[  87] == 117
sol[  88] == 116
sol[  89] == 95
sol[  90] == 94
sol[  91] == 93
sol[  92] == 71
sol[  93] == 70
sol[  94] == 47
sol[  95] == 72
sol[  96] == 73
sol[  97] == 74
sol[  98] == 51
sol[  99] == 50
sol[ 100] == 49
sol[ 101] == 48
sol[ 102] == 24
sol[ 103] == 25
sol[ 104] == 1
sol[ 105] == 2
sol[ 106] == 3
sol[ 107] == 4
sol[ 108] == 5
sol[ 109] == 27
sol[ 110] == 26
sol[ 111] == 28
sol[ 112] == 29
sol[ 113] == 52
sol[ 114] == 53
sol[ 115] == 31
sol[ 116] == 30
sol[ 117] == 6
sol[ 118] == 7
sol[ 119] == 8
sol[ 120] == 9
sol[ 121] == 10
sol[ 122] == 14
sol[ 123] == 12
sol[ 124] == 13
sol[ 125] == 35
sol[ 126] == 34
sol[ 127] == 11
sol[ 128] == 33
sol[ 129] == 32
sol[ 130] == 55
sol[ 131] == 54
sol[ 132] == 78
sol[ 133] == 77
sol[ 134] == 76
sol[ 135] == 75
sol[ 136] == 98
sol[ 137] == 97
sol[ 138] == 96
sol[ 139] == 119
sol[ 140] == 120
sol[ 141] == 121
sol[ 142] == 144
sol[ 143] == 143
sol[ 144] == 142
sol[ 145] == 164
sol[ 146] == 165
sol[ 147] == 166
sol[ 148] == 167
sol[ 149] == 145
sol[ 150] == 168
sol[ 151] == 169
sol[ 152] == 170
sol[ 153] == 171
sol[ 154] == 172
sol[ 155] == 173
sol[ 156] == 150
sol[ 157] == 149
sol[ 158] == 127
sol[ 159] == 148
sol[ 160] == 147
sol[ 161] == 146
sol[ 162] == 122
sol[ 163] == 124
sol[ 164] == 123
sol[ 165] == 99
sol[ 166] == 100
sol[ 167] == 101
sol[ 168] == 125
sol[ 169] == 126
sol[ 170] == 103
sol[ 171] == 102
sol[ 172] == 104
sol[ 173] == 81
sol[ 174] == 79
sol[ 175] == 80
sol[ 176] == 56
sol[ 177] == 57
sol[ 178] == 58
sol[ 179] == 59
sol[ 180] == 36
sol[ 181] == 37
sol[ 182] == 38
sol[ 183] == 61
sol[ 184] == 60
sol[ 185] == 82
sol[ 186] == 83
sol[ 187] == 85
sol[ 188] == 84
sol[ 189] == 106
sol[ 190] == 105
sol[ 191] == 129
sol[ 192] == 130
sol[ 193] == 128
sol[ 194] == 151
sol[ 195] == 152
sol[ 196] == 153
sol[ 197] == 154
sol[ 198] == 178
sol[ 199] == 156
sol[ 200] == 155
sol[ 201] == 133
sol[ 202] == 132
sol[ 203] == 131
sol[ 204] == 108
sol[ 205] == 107
sol[ 206] == 109
sol[ 207] == 110
sol[ 208] == 86
sol[ 209] == 87
sol[ 210] == 65
sol[ 211] == 64
sol[ 212] == 63
sol[ 213] == 62
sol[ 214] == 40
sol[ 215] == 16
sol[ 216] == 39
sol[ 217] == 15
sol[ 218] == 17
sol[ 219] == 18
sol[ 220] == 41
sol[ 221] == 42
sol[ 222] == 19
sol[ 223] == 43
sol[ 224] == 20
sol[ 225] == 21
sol[ 226] == 22
sol[ 227] == 23
sol[ 228] == 46
sol[ 229] == 45
sol[ 230] == 44
sol[ 231] == 66
sol[ 232] == 67
sol[ 233] == 68
sol[ 234] == 69
sol[ 235] == 92
sol[ 236] == 91
sol[ 237] == 113
sol[ 238] == 90
sol[ 239] == 89
sol[ 240] == 88
sol[ 241] == 134
sol[ 242] == 111
sol[ 243] == 112
sol[ 244] == 114
sol[ 245] == 115
sol[ 246] == 138
sol[ 247] == 161
sol[ 248] == 137
sol[ 249] == 136
sol[ 250] == 135
sol[ 251] == 158
sol[ 252] == 159
sol[ 253] == 160
sol[ 254] == 183
sol[ 255] == 184
sol[ 256] == 207
sol[ 257] == 206
sol[ 258] == 229
sol[ 259] == 205
sol[ 260] == 204
sol[ 261] == 181
sol[ 262] == 182
sol[ 263] == 157
sol[ 264] == 180
sol[ 265] == 179
sol[ 266] == 203
sol[ 267] == 202
sol[ 268] == 201
sol[ 269] == 177
sol[ 270] == 176
sol[ 271] == 175
sol[ 272] == 174
sol[ 273] == 196
sol[ 274] == 197
sol[ 275] == 221
sol[ 276] == 198
sol[ 277] == 199
sol[ 278] == 200
sol[ 279] == 222
sol[ 280] == 223
sol[ 281] == 224
sol[ 282] == 225
sol[ 283] == 226
sol[ 284] == 227
sol[ 285] == 249
sol[ 286] == 248
sol[ 287] == 247
sol[ 288] == 246
sol[ 289] == 269
sol[ 290] == 268
sol[ 291] == 290
sol[ 292] == 289
sol[ 293] == 288
sol[ 294] == 287
sol[ 295] == 286
sol[ 296] == 262
sol[ 297] == 263
sol[ 298] == 264
sol[ 299] == 265
sol[ 300] == 242
sol[ 301] == 266
sol[ 302] == 267
sol[ 303] == 245
sol[ 304] == 244
sol[ 305] == 243
sol[ 306] == 220
sol[ 307] == 219
sol[ 308] == 218
sol[ 309] == 241
sol[ 310] == 240
sol[ 311] == 239
sol[ 312] == 238
sol[ 313] == 260
sol[ 314] == 261
sol[ 315] == 283
sol[ 316] == 306
sol[ 317] == 284
sol[ 318] == 285
sol[ 319] == 307
sol[ 320] == 330
sol[ 321] == 329
sol[ 322] == 353
sol[ 323] == 352
sol[ 324] == 376
sol[ 325] == 375
sol[ 326] == 397
sol[ 327] == 396
sol[ 328] == 419
sol[ 329] == 418
sol[ 330] == 441
sol[ 331] == 442
sol[ 332] == 420
sol[ 333] == 421
sol[ 334] == 194
sol[ 335] == 398
sol[ 336] == 399
sol[ 337] == 377
sol[ 338] == 400
sol[ 339] == 401
sol[ 340] == 402
sol[ 341] == 425
sol[ 342] == 424
sol[ 343] == 423
sol[ 344] == 447
sol[ 345] == 195
sol[ 346] == 217
sol[ 347] == 472
sol[ 348] == 473
sol[ 349] == 216
sol[ 350] == 497
sol[ 351] == 498
sol[ 352] == 499
sol[ 353] == 475
sol[ 354] == 215
sol[ 355] == 451
sol[ 356] == 450
sol[ 357] == 214
sol[ 358] == 426
sol[ 359] == 427
sol[ 360] == 428
sol[ 361] == 429
sol[ 362] == 430
sol[ 363] == 407
sol[ 364] == 406
sol[ 365] == 405
sol[ 366] == 404
sol[ 367] == 403
sol[ 368] == 380
sol[ 369] == 379
sol[ 370] == 378
sol[ 371] == 354
sol[ 372] == 355
sol[ 373] == 356
sol[ 374] == 357
sol[ 375] == 358
sol[ 376] == 237
sol[ 377] == 381
sol[ 378] == 382
sol[ 379] == 384
sol[ 380] == 383
sol[ 381] == 360
sol[ 382] == 361
sol[ 383] == 385
sol[ 384] == 386
sol[ 385] == 236
sol[ 386] == 362
sol[ 387] == 340
sol[ 388] == 339
sol[ 389] == 338
sol[ 390] == 337
sol[ 391] == 213
sol[ 392] == 335
sol[ 393] == 212
sol[ 394] == 333
sol[ 395] == 332
sol[ 396] == 211
sol[ 397] == 308
sol[ 398] == 309
sol[ 399] == 310
sol[ 400] == 311
sol[ 401] == 312
sol[ 402] == 313
sol[ 403] == 314
sol[ 404] == 291
sol[ 405] == 315
sol[ 406] == 316
sol[ 407] == 317
sol[ 408] == 318
sol[ 409] == 296
sol[ 410] == 295
sol[ 411] == 294
sol[ 412] == 293
sol[ 413] == 292
sol[ 414] == 270
sol[ 415] == 271
sol[ 416] == 272
sol[ 417] == 250
sol[ 418] == 251
sol[ 419] == 228
sol[ 420] == 230
sol[ 421] == 253
sol[ 422] == 252
sol[ 423] == 299
sol[ 424] == 276
sol[ 425] == 275
sol[ 426] == 274
sol[ 427] == 273
sol[ 428] == 297
sol[ 429] == 298
sol[ 430] == 321
sol[ 431] == 322
sol[ 432] == 345
sol[ 433] == 344
sol[ 434] == 320
sol[ 435] == 319
sol[ 436] == 343
sol[ 437] == 342
sol[ 438] == 341
sol[ 439] == 364
sol[ 440] == 365
sol[ 441] == 210
sol[ 442] == 368
sol[ 443] == 367
sol[ 444] == 390
sol[ 445] == 391
sol[ 446] == 413
sol[ 447] == 389
sol[ 448] == 412
sol[ 449] == 411
sol[ 450] == 388
sol[ 451] == 410
sol[ 452] == 387
sol[ 453] == 409
sol[ 454] == 408
sol[ 455] == 431
sol[ 456] == 233
sol[ 457] == 433
sol[ 458] == 434
sol[ 459] == 435
sol[ 460] == 436
sol[ 461] == 414
sol[ 462] == 437
sol[ 463] == 234
sol[ 464] == 459
sol[ 465] == 458
sol[ 466] == 482
sol[ 467] == 483
sol[ 468] == 505
sol[ 469] == 481
sol[ 470] == 235
sol[ 471] == 258
sol[ 472] == 259
sol[ 473] == 456
sol[ 474] == 282
sol[ 475] == 281
sol[ 476] == 453
sol[ 477] == 280
sol[ 478] == 477
sol[ 479] == 478
sol[ 480] == 500
sol[ 481] == 501
sol[ 482] == 502
sol[ 483] == 503
sol[ 484] == 526
sol[ 485] == 504
sol[ 486] == 506
sol[ 487] == 529
sol[ 488] == 528
sol[ 489] == 257
sol[ 490] == 549
sol[ 491] == 550
sol[ 492] == 551
sol[ 493] == 552
sol[ 494] == 575
sol[ 495] == 574
sol[ 496] == 573
sol[ 497] == 572
sol[ 498] == 571
sol[ 499] == 570
sol[ 500] == 569
sol[ 501] == 547
sol[ 502] == 548
sol[ 503] == 525
sol[ 504] == 524
sol[ 505] == 523
sol[ 506] == 522
sol[ 507] == 521
sol[ 508] == 520
sol[ 509] == 544
sol[ 510] == 546
sol[ 511] == 568
sol[ 512] == 545
sol[ 513] == 567
sol[ 514] == 566
sol[ 515] == 543
sol[ 516] == 542
sol[ 517] == 565
sol[ 518] == 564
sol[ 519] == 563
sol[ 520] == 561
sol[ 521] == 562
sol[ 522] == 539
sol[ 523] == 540
sol[ 524] == 517
sol[ 525] == 541
sol[ 526] == 518
sol[ 527] == 519
sol[ 528] == 496
sol[ 529] == 495
sol[ 530] == 494
sol[ 531] == 493
sol[ 532] == 516
sol[ 533] == 492
sol[ 534] == 491
sol[ 535] == 256
sol[ 536] == 470
sol[ 537] == 446
sol[ 538] == 468
sol[ 539] == 232
sol[ 540] == 444
sol[ 541] == 443
sol[ 542] == 467
sol[ 543] == 231
sol[ 544] == 490
sol[ 545] == 514
sol[ 546] == 515
sol[ 547] == 538
sol[ 548] == 537
sol[ 549] == 513
sol[ 550] == 536
sol[ 551] == 560
sol[ 552] == 559
sol[ 553] == 558
sol[ 554] == 557
sol[ 555] == 535
sol[ 556] == 534
sol[ 557] == 533
sol[ 558] == 556
sol[ 559] == 555
sol[ 560] == 553
sol[ 561] == 554
sol[ 562] == 531
sol[ 563] == 532
sol[ 564] == 530
sol[ 565] == 507
sol[ 566] == 508
sol[ 567] == 509
sol[ 568] == 510
sol[ 569] == 487
sol[ 570] == 511
sol[ 571] == 512
sol[ 572] == 489
sol[ 573] == 488
sol[ 574] == 486
sol[ 575] == 485
+++used_cities+++
use[   1] == 1
use[   2] == 1
use[   3] == 1
use[   4] == 1
use[   5] == 1
use[   6] == 1
use[   7] == 1
use[   8] == 1
use[   9] == 1
use[  10] == 1
use[  11] == 1
use[  12] == 1
use[  13] == 1
use[  14] == 1
use[  15] == 1
use[  16] == 1
use[  17] == 1
use[  18] == 1
use[  19] == 1
use[  20] == 1
use[  21] == 1
use[  22] == 1
use[  23] == 1
use[  24] == 1
use[  25] == 1
use[  26] == 1
use[  27] == 1
use[  28] == 1
use[  29] == 1
use[  30] == 1
use[  31] == 1
use[  32] == 1
use[  33] == 1
use[  34] == 1
use[  35] == 1
use[  36] == 1
use[  37] == 1
use[  38] == 1
use[  39] == 1
use[  40] == 1
use[  41] == 1
use[  42] == 1
use[  43] == 1
use[  44] == 1
use[  45] == 1
use[  46] == 1
use[  47] == 1
use[  48] == 1
use[  49] == 1
use[  50] == 1
use[  51] == 1
use[  52] == 1
use[  53] == 1
use[  54] == 1
use[  55] == 1
use[  56] == 1
use[  57] == 1
use[  58] == 1
use[  59] == 1
use[  60] == 1
use[  61] == 1
use[  62] == 1
use[  63] == 1
use[  64] == 1
use[  65] == 1
use[  66] == 1
use[  67] == 1
use[  68] == 1
use[  69] == 1
use[  70] == 1
use[  71] == 1
use[  72] == 1
use[  73] == 1
use[  74] == 1
use[  75] == 1
use[  76] == 1
use[  77] == 1
use[  78] == 1
use[  79] == 1
use[  80] == 1
use[  81] == 1
use[  82] == 1
use[  83] == 1
use[  84] == 1
use[  85] == 1
use[  86] == 1
use[  87] == 1
use[  88] == 1
use[  89] == 1
use[  90] == 1
use[  91] == 1
use[  92] == 1
use[  93] == 1
use[  94] == 1
use[  95] == 1
use[  96] == 1
use[  97] == 1
use[  98] == 1
use[  99] == 1
use[ 100] == 1
use[ 101] == 1
use[ 102] == 1
use[ 103] == 1
use[ 104] == 1
use[ 105] == 1
use[ 106] == 1
use[ 107] == 1
use[ 108] == 1
use[ 109] == 1
use[ 110] == 1
use[ 111] == 1
use[ 112] == 1
use[ 113] == 1
use[ 114] == 1
use[ 115] == 1
use[ 116] == 1
use[ 117] == 1
use[ 118] == 1
use[ 119] == 1
use[ 120] == 1
use[ 121] == 1
use[ 122] == 1
use[ 123] == 1
use[ 124] == 1
use[ 125] == 1
use[ 126] == 1
use[ 127] == 1
use[ 128] == 1
use[ 129] == 1
use[ 130] == 1
use[ 131] == 1
use[ 132] == 1
use[ 133] == 1
use[ 134] == 1
use[ 135] == 1
use[ 136] == 1
use[ 137] == 1
use[ 138] == 1
use[ 139] == 1
use[ 140] == 1
use[ 141] == 1
use[ 142] == 1
use[ 143] == 1
use[ 144] == 1
use[ 145] == 1
use[ 146] == 1
use[ 147] == 1
use[ 148] == 1
use[ 149] == 1
use[ 150] == 1
use[ 151] == 1
use[ 152] == 1
use[ 153] == 1
use[ 154] == 1
use[ 155] == 1
use[ 156] == 1
use[ 157] == 1
use[ 158] == 1
use[ 159] == 1
use[ 160] == 1
use[ 161] == 1
use[ 162] == 1
use[ 163] == 1
use[ 164] == 1
use[ 165] == 1
use[ 166] == 1
use[ 167] == 1
use[ 168] == 1
use[ 169] == 1
use[ 170] == 1
use[ 171] == 1
use[ 172] == 1
use[ 173] == 1
use[ 174] == 1
use[ 175] == 1
use[ 176] == 1
use[ 177] == 1
use[ 178] == 1
use[ 179] == 1
use[ 180] == 1
use[ 181] == 1
use[ 182] == 1
use[ 183] == 1
use[ 184] == 1
use[ 185] == 1
use[ 186] == 1
use[ 187] == 1
use[ 188] == 1
use[ 189] == 1
use[ 190] == 1
use[ 191] == 1
use[ 192] == 1
use[ 193] == 1
use[ 194] == 1
use[ 195] == 1
use[ 196] == 1
use[ 197] == 1
use[ 198] == 1
use[ 199] == 1
use[ 200] == 1
use[ 201] == 1
use[ 202] == 1
use[ 203] == 1
use[ 204] == 1
use[ 205] == 1
use[ 206] == 1
use[ 207] == 1
use[ 208] == 1
use[ 209] == 1
use[ 210] == 1
use[ 211] == 1
use[ 212] == 1
use[ 213] == 1
use[ 214] == 1
use[ 215] == 1
use[ 216] == 1
use[ 217] == 1
use[ 218] == 1
use[ 219] == 1
use[ 220] == 1
use[ 221] == 1
use[ 222] == 1
use[ 223] == 1
use[ 224] == 1
use[ 225] == 1
use[ 226] == 1
use[ 227] == 1
use[ 228] == 1
use[ 229] == 1
use[ 230] == 1
use[ 231] == 1
use[ 232] == 1
use[ 233] == 1
use[ 234] == 1
use[ 235] == 1
use[ 236] == 1
use[ 237] == 1
use[ 238] == 1
use[ 239] == 1
use[ 240] == 1
use[ 241] == 1
use[ 242] == 1
use[ 243] == 1
use[ 244] == 1
use[ 245] == 1
use[ 246] == 1
use[ 247] == 1
use[ 248] == 1
use[ 249] == 1
use[ 250] == 1
use[ 251] == 1
use[ 252] == 1
use[ 253] == 0
use[ 254] == 0
use[ 255] == 1
use[ 256] == 1
use[ 257] == 1
use[ 258] == 1
use[ 259] == 1
use[ 260] == 1
use[ 261] == 1
use[ 262] == 1
use[ 263] == 1
use[ 264] == 1
use[ 265] == 1
use[ 266] == 1
use[ 267] == 1
use[ 268] == 1
use[ 269] == 1
use[ 270] == 1
use[ 271] == 1
use[ 272] == 1
use[ 273] == 1
use[ 274] == 1
use[ 275] == 1
use[ 276] == 0
use[ 277] == 0
use[ 278] == 0
use[ 279] == 1
use[ 280] == 1
use[ 281] == 1
use[ 282] == 1
use[ 283] == 1
use[ 284] == 1
use[ 285] == 1
use[ 286] == 1
use[ 287] == 1
use[ 288] == 1
use[ 289] == 1
use[ 290] == 1
use[ 291] == 1
use[ 292] == 1
use[ 293] == 1
use[ 294] == 1
use[ 295] == 1
use[ 296] == 1
use[ 297] == 1
use[ 298] == 1
use[ 299] == 0
use[ 300] == 1
use[ 301] == 1
use[ 302] == 1
use[ 303] == 1
use[ 304] == 2
use[ 305] == 1
use[ 306] == 1
use[ 307] == 1
use[ 308] == 1
use[ 309] == 1
use[ 310] == 1
use[ 311] == 1
use[ 312] == 1
use[ 313] == 1
use[ 314] == 1
use[ 315] == 1
use[ 316] == 1
use[ 317] == 1
use[ 318] == 1
use[ 319] == 1
use[ 320] == 1
use[ 321] == 1
use[ 322] == 1
use[ 323] == 1
use[ 324] == 1
use[ 325] == 1
use[ 326] == 1
use[ 327] == 1
use[ 328] == 1
use[ 329] == 1
use[ 330] == 1
use[ 331] == 1
use[ 332] == 1
use[ 333] == 1
use[ 334] == 1
use[ 335] == 1
use[ 336] == 1
use[ 337] == 1
use[ 338] == 1
use[ 339] == 1
use[ 340] == 1
use[ 341] == 1
use[ 342] == 1
use[ 343] == 1
use[ 344] == 1
use[ 345] == 1
use[ 346] == 1
use[ 347] == 1
use[ 348] == 1
use[ 349] == 1
use[ 350] == 1
use[ 351] == 1
use[ 352] == 1
use[ 353] == 1
use[ 354] == 1
use[ 355] == 1
use[ 356] == 1
use[ 357] == 1
use[ 358] == 1
use[ 359] == 1
use[ 360] == 1
use[ 361] == 1
use[ 362] == 1
use[ 363] == 1
use[ 364] == 1
use[ 365] == 1
use[ 366] == 1
use[ 367] == 1
use[ 368] == 2
use[ 369] == 1
use[ 370] == 1
use[ 371] == 2
use[ 372] == 1
use[ 373] == 1
use[ 374] == 1
use[ 375] == 1
use[ 376] == 1
use[ 377] == 1
use[ 378] == 1
use[ 379] == 1
use[ 380] == 1
use[ 381] == 1
use[ 382] == 1
use[ 383] == 1
use[ 384] == 1
use[ 385] == 1
use[ 386] == 1
use[ 387] == 1
use[ 388] == 1
use[ 389] == 1
use[ 390] == 1
use[ 391] == 1
use[ 392] == 1
use[ 393] == 1
use[ 394] == 1
use[ 395] == 1
use[ 396] == 1
use[ 397] == 1
use[ 398] == 1
use[ 399] == 1
use[ 400] == 1
use[ 401] == 1
use[ 402] == 1
use[ 403] == 1
use[ 404] == 1
use[ 405] == 1
use[ 406] == 1
use[ 407] == 1
use[ 408] == 1
use[ 409] == 1
use[ 410] == 1
use[ 411] == 1
use[ 412] == 1
use[ 413] == 1
use[ 414] == 1
use[ 415] == 1
use[ 416] == 1
use[ 417] == 1
use[ 418] == 2
use[ 419] == 1
use[ 420] == 1
use[ 421] == 1
use[ 422] == 1
use[ 423] == 1
use[ 424] == 1
use[ 425] == 1
use[ 426] == 1
use[ 427] == 1
use[ 428] == 1
use[ 429] == 1
use[ 430] == 1
use[ 431] == 1
use[ 432] == 1
use[ 433] == 1
use[ 434] == 1
use[ 435] == 1
use[ 436] == 1
use[ 437] == 1
use[ 438] == 1
use[ 439] == 1
use[ 440] == 1
use[ 441] == 1
use[ 442] == 1
use[ 443] == 1
use[ 444] == 1
use[ 445] == 1
use[ 446] == 1
use[ 447] == 1
use[ 448] == 1
use[ 449] == 1
use[ 450] == 1
use[ 451] == 1
use[ 452] == 1
use[ 453] == 1
use[ 454] == 1
use[ 455] == 1
use[ 456] == 1
use[ 457] == 1
use[ 458] == 1
use[ 459] == 1
use[ 460] == 2
use[ 461] == 1
use[ 462] == 1
use[ 463] == 1
use[ 464] == 2
use[ 465] == 1
use[ 466] == 1
use[ 467] == 1
use[ 468] == 1
use[ 469] == 1
use[ 470] == 1
use[ 471] == 1
use[ 472] == 1
use[ 473] == 1
use[ 474] == 1
use[ 475] == 1
use[ 476] == 1
use[ 477] == 1
use[ 478] == 1
use[ 479] == 1
use[ 480] == 1
use[ 481] == 1
use[ 482] == 1
use[ 483] == 1
use[ 484] == 1
use[ 485] == 1
use[ 486] == 1
use[ 487] == 1
use[ 488] == 1
use[ 489] == 1
use[ 490] == 1
use[ 491] == 1
use[ 492] == 1
use[ 493] == 1
use[ 494] == 1
use[ 495] == 1
use[ 496] == 1
use[ 497] == 1
use[ 498] == 1
use[ 499] == 1
use[ 500] == 1
use[ 501] == 1
use[ 502] == 1
use[ 503] == 1
use[ 504] == 1
use[ 505] == 1
use[ 506] == 1
use[ 507] == 1
use[ 508] == 1
use[ 509] == 1
use[ 510] == 1
use[ 511] == 1
use[ 512] == 1
use[ 513] == 1
use[ 514] == 1
use[ 515] == 1
use[ 516] == 1
use[ 517] == 1
use[ 518] == 1
use[ 519] == 1
use[ 520] == 1
use[ 521] == 1
use[ 522] == 1
use[ 523] == 1
use[ 524] == 1
use[ 525] == 1
use[ 526] == 1
use[ 527] == 1
use[ 528] == 1
use[ 529] == 1
use[ 530] == 1
use[ 531] == 1
use[ 532] == 1
use[ 533] == 1
use[ 534] == 1
use[ 535] == 1
use[ 536] == 1
use[ 537] == 1
use[ 538] == 1
use[ 539] == 1
use[ 540] == 1
use[ 541] == 1
use[ 542] == 1
use[ 543] == 1
use[ 544] == 1
use[ 545] == 1
use[ 546] == 1
use[ 547] == 1
use[ 548] == 1
use[ 549] == 1
use[ 550] == 1
use[ 551] == 1
use[ 552] == 1
use[ 553] == 1
use[ 554] == 1
use[ 555] == 1
use[ 556] == 1
use[ 557] == 1
use[ 558] == 1
use[ 559] == 1
use[ 560] == 1
use[ 561] == 1
use[ 562] == 1
use[ 563] == 1
use[ 564] == 1
use[ 565] == 1
use[ 566] == 1
use[ 567] == 1
use[ 568] == 1
use[ 569] == 1
use[ 570] == 1
use[ 571] == 1
use[ 572] == 1
use[ 573] == 1
use[ 574] == 1
use[ 575] == 37
